Using pre-set license
Built from '2020.3/staging' branch; Version is '2020.3.22f1 (e1a7f79fd887) revision 14788599'; Using compiler version '192528614'; Build Type 'Release'
OS: 'Windows 10 Home Single Language; OS build 22000.376; Version 2009; 64bit' Language: 'en' Physical Memory: 16169 MB
BatchMode: 1, IsHumanControllingUs: 0, StartBugReporterOnCrash: 0, Is64bit: 1, IsPro: 0

COMMAND LINE ARGUMENTS:
C:\Program Files\Unity\Hub\Editor\2020.3.22f1\Editor\Unity.exe
-adb2
-batchMode
-noUpm
-name
AssetImportWorker2
-projectPath
F:/Unity/3MG-Games/Sneaker Clone
-logFile
Logs/AssetImportWorker2.log
-srvPort
65278
Successfully changed project path to: F:/Unity/3MG-Games/Sneaker Clone
F:/Unity/3MG-Games/Sneaker Clone
Using Asset Import Pipeline V2.
Default GameObject BitMask: UI already registered
Refreshing native plugins compatible for Editor in 68.33 ms, found 5 plugins.
Preloading 0 native plugins for Editor in 0.00 ms.
Initialize engine version: 2020.3.22f1 (e1a7f79fd887)
[Subsystems] Discovering subsystems at path C:/Program Files/Unity/Hub/Editor/2020.3.22f1/Editor/Data/Resources/UnitySubsystems
[Subsystems] Discovering subsystems at path F:/Unity/3MG-Games/Sneaker Clone/Assets
GfxDevice: creating device client; threaded=0
Direct3D:
    Version:  Direct3D 11.0 [level 11.1]
    Renderer: NVIDIA GeForce GTX 1650 Ti (ID=0x1f95)
    Vendor:   
    VRAM:     3962 MB
    Driver:   30.0.14.7196
Initialize mono
Mono path[0] = 'C:/Program Files/Unity/Hub/Editor/2020.3.22f1/Editor/Data/Managed'
Mono path[1] = 'C:/Program Files/Unity/Hub/Editor/2020.3.22f1/Editor/Data/MonoBleedingEdge/lib/mono/unityjit'
Mono config path = 'C:/Program Files/Unity/Hub/Editor/2020.3.22f1/Editor/Data/MonoBleedingEdge/etc'
Using monoOptions --debugger-agent=transport=dt_socket,embedding=1,server=y,suspend=n,address=127.0.0.1:56996
Begin MonoManager ReloadAssembly
Registering precompiled unity dll's ...
Register platform support module: C:/Program Files/Unity/Hub/Editor/2020.3.22f1/Editor/Data/PlaybackEngines/WindowsStandaloneSupport/UnityEditor.WindowsStandalone.Extensions.dll
Registered in 0.001228 seconds.
Native extension for WindowsStandalone target not found
Refreshing native plugins compatible for Editor in 59.94 ms, found 5 plugins.
Preloading 0 native plugins for Editor in 0.00 ms.
Mono: successfully reloaded assembly
- Completed reload, in  5.316 seconds
Domain Reload Profiling:
	ReloadAssembly (5316ms)
		BeginReloadAssembly (41ms)
			ExecutionOrderSort (0ms)
			DisableScriptedObjects (0ms)
			BackupInstance (0ms)
			ReleaseScriptingObjects (0ms)
			CreateAndSetChildDomain (1ms)
		EndReloadAssembly (506ms)
			LoadAssemblies (40ms)
			RebuildTransferFunctionScriptingTraits (0ms)
			SetupTypeCache (227ms)
			ReleaseScriptCaches (0ms)
			RebuildScriptCaches (26ms)
			SetupLoadedEditorAssemblies (170ms)
				LogAssemblyErrors (0ms)
				InitializePlatformSupportModulesInManaged (4ms)
				SetLoadedEditorAssemblies (0ms)
				RefreshPlugins (60ms)
				BeforeProcessingInitializeOnLoad (13ms)
				ProcessInitializeOnLoadAttributes (63ms)
				ProcessInitializeOnLoadMethodAttributes (30ms)
				AfterProcessingInitializeOnLoad (0ms)
				EditorAssembliesLoaded (0ms)
			ExecutionOrderSort2 (0ms)
			AwakeInstancesAfterBackupRestoration (0ms)
Platform modules already initialized, skipping
Registering precompiled user dll's ...
Registered in 0.003798 seconds.
Begin MonoManager ReloadAssembly
Native extension for WindowsStandalone target not found
Refreshing native plugins compatible for Editor in 61.10 ms, found 5 plugins.
Preloading 0 native plugins for Editor in 0.00 ms.
Mono: successfully reloaded assembly
- Completed reload, in  1.525 seconds
Domain Reload Profiling:
	ReloadAssembly (1526ms)
		BeginReloadAssembly (119ms)
			ExecutionOrderSort (0ms)
			DisableScriptedObjects (4ms)
			BackupInstance (0ms)
			ReleaseScriptingObjects (0ms)
			CreateAndSetChildDomain (16ms)
		EndReloadAssembly (1356ms)
			LoadAssemblies (80ms)
			RebuildTransferFunctionScriptingTraits (0ms)
			SetupTypeCache (301ms)
			ReleaseScriptCaches (1ms)
			RebuildScriptCaches (51ms)
			SetupLoadedEditorAssemblies (815ms)
				LogAssemblyErrors (0ms)
				InitializePlatformSupportModulesInManaged (3ms)
				SetLoadedEditorAssemblies (0ms)
				RefreshPlugins (61ms)
				BeforeProcessingInitializeOnLoad (80ms)
				ProcessInitializeOnLoadAttributes (659ms)
				ProcessInitializeOnLoadMethodAttributes (7ms)
				AfterProcessingInitializeOnLoad (4ms)
				EditorAssembliesLoaded (0ms)
			ExecutionOrderSort2 (0ms)
			AwakeInstancesAfterBackupRestoration (5ms)
Platform modules already initialized, skipping
========================================================================
Worker process is ready to serve import requests
Default GameObject BitMask: UI already registered
Launched and connected shader compiler UnityShaderCompiler.exe after 0.10 seconds
Refreshing native plugins compatible for Editor in 0.65 ms, found 5 plugins.
Preloading 0 native plugins for Editor in 0.00 ms.
Unloading 3575 Unused Serialized files (Serialized files now loaded: 0)
System memory in use before: 157.8 MB.
System memory in use after: 158.0 MB.

Unloading 146 unused Assets to reduce memory usage. Loaded Objects now: 4001.
Total: 3.893100 ms (FindLiveObjects: 0.301300 ms CreateObjectMapping: 0.167800 ms MarkObjects: 3.282600 ms  DeleteObjects: 0.140700 ms)

AssetImportParameters requested are different than current active one (requested -> active):
  custom:framework-win-MediaFoundation: 216162199b28c13a410421893ffa2e32 -> 
  custom:video-decoder-ogg-theora: a1e56fd34408186e4bbccfd4996cb3dc -> 
  custom:container-muxer-webm: aa71ff27fc2769a1b78a27578f13a17b -> 
  custom:container-demuxer-webm: 4f35f7cbe854078d1ac9338744f61a02 -> 
  custom:container-demuxer-ogg: 62fdf1f143b41e24485cea50d1cbac27 -> 
  custom:video-encoder-webm-vp8: eb34c28f22e8b96e1ab97ce403110664 -> 
  custom:video-decoder-webm-vp8: 9c59270c3fd7afecdb556c50c9e8de78 -> 
  custom:audio-decoder-ogg-vorbis: bf7c407c2cedff20999df2af8eb42d56 -> 
  custom:audio-encoder-webm-vorbis: bf7c407c2cedff20999df2af8eb42d56 -> 
========================================================================
Received Import Request.
  path: Assets/_Game/_Animation/Customer/Modified Amimation
  artifactKey: Guid(e7ee2c8ffef0a9f49a1a3207200724e4) Importer(815301076,1909f56bfc062723c751e8b465ee728b)
Start importing Assets/_Game/_Animation/Customer/Modified Amimation using Guid(e7ee2c8ffef0a9f49a1a3207200724e4) Importer(815301076,1909f56bfc062723c751e8b465ee728b)  -> (artifact id: '2c4d68c5434853252dce629470417b91') in 0.010778 seconds 
  Import took 0.016008 seconds .

========================================================================
Received Import Request.
  Time since last request: 85.401388 seconds.
  path: Assets/_Game/_Animation/Customer/Modified Amimation/Female_hold_walk_giftbox.fbx
  artifactKey: Guid(b1ba585fe8c43624fb55980083df12f9) Importer(815301076,1909f56bfc062723c751e8b465ee728b)
Start importing Assets/_Game/_Animation/Customer/Modified Amimation/Female_hold_walk_giftbox.fbx using Guid(b1ba585fe8c43624fb55980083df12f9) Importer(815301076,1909f56bfc062723c751e8b465ee728b)  -> (artifact id: 'cbc7669e11bd5b697bd036fc7b2c2216') in 0.062296 seconds 
  Import took 0.067848 seconds .

========================================================================
Received Import Request.
  Time since last request: 19.386720 seconds.
  path: Assets/_Game/_Prefeb/Customers/Female/Section 2/Customers.prefab
  artifactKey: Guid(0a8096dc1d14e3d48bf17fb74ed7215f) Importer(815301076,1909f56bfc062723c751e8b465ee728b)
Start importing Assets/_Game/_Prefeb/Customers/Female/Section 2/Customers.prefab using Guid(0a8096dc1d14e3d48bf17fb74ed7215f) Importer(815301076,1909f56bfc062723c751e8b465ee728b)  -> (artifact id: '9078ac5507b53219dfadba22715d69ba') in 0.277656 seconds 
  Import took 0.287262 seconds .

========================================================================
Received Import Request.
  Time since last request: 20.302119 seconds.
  path: Assets/_Game/_Animation/Customer/Animation/Customer.controller
  artifactKey: Guid(1b4abb447f2ce014e942b58c8051685a) Importer(815301076,1909f56bfc062723c751e8b465ee728b)
Start importing Assets/_Game/_Animation/Customer/Animation/Customer.controller using Guid(1b4abb447f2ce014e942b58c8051685a) Importer(815301076,1909f56bfc062723c751e8b465ee728b)  -> (artifact id: '9263dfc9bd5d462b3547841a5c9e57e4') in 0.060467 seconds 
  Import took 0.068801 seconds .

========================================================================
Received Import Request.
  Time since last request: 482.183761 seconds.
  path: Assets/_Game/_Texture/Locked Jeans UI.png
  artifactKey: Guid(7519783952a33cb45ba5bb71620faf66) Importer(815301076,1909f56bfc062723c751e8b465ee728b)
Start importing Assets/_Game/_Texture/Locked Jeans UI.png using Guid(7519783952a33cb45ba5bb71620faf66) Importer(815301076,1909f56bfc062723c751e8b465ee728b)  -> (artifact id: '6f107bfbb8f718cc3658cdb5c5f3466d') in 0.042973 seconds 
  Import took 0.049757 seconds .

========================================================================
Received Import Request.
  Time since last request: 0.000164 seconds.
  path: Assets/_Game/_Texture/Speech Bubble03.png
  artifactKey: Guid(18ac89e6061ffc040b8f5f0e795e6a99) Importer(815301076,1909f56bfc062723c751e8b465ee728b)
Start importing Assets/_Game/_Texture/Speech Bubble03.png using Guid(18ac89e6061ffc040b8f5f0e795e6a99) Importer(815301076,1909f56bfc062723c751e8b465ee728b)  -> (artifact id: 'ac49e67b7fa443203744b06e0ee50def') in 0.021284 seconds 
  Import took 0.028051 seconds .

========================================================================
Received Import Request.
  Time since last request: 0.000395 seconds.
  path: Assets/_Game/_Texture/UIs/Section_Sneaker_Clone_UI's.png
  artifactKey: Guid(c00e77ae4f6ea614e8b47432bd457e55) Importer(815301076,1909f56bfc062723c751e8b465ee728b)
Start importing Assets/_Game/_Texture/UIs/Section_Sneaker_Clone_UI's.png using Guid(c00e77ae4f6ea614e8b47432bd457e55) Importer(815301076,1909f56bfc062723c751e8b465ee728b)  -> (artifact id: 'd212fdf07e282a534d7e5bc3dc32f7ec') in 0.020106 seconds 
  Import took 0.026835 seconds .

========================================================================
Received Import Request.
  Time since last request: 0.000162 seconds.
  path: Assets/_Game/_Texture/UIs/Packed Station_Sneaker_Clone.png
  artifactKey: Guid(aea2d58c4ecfeca48b783e9cefa1ffd3) Importer(815301076,1909f56bfc062723c751e8b465ee728b)
Start importing Assets/_Game/_Texture/UIs/Packed Station_Sneaker_Clone.png using Guid(aea2d58c4ecfeca48b783e9cefa1ffd3) Importer(815301076,1909f56bfc062723c751e8b465ee728b)  -> (artifact id: '7e6453143161ae42ced9d0fbe2446224') in 0.017662 seconds 
  Import took 0.024424 seconds .

========================================================================
Received Import Request.
  Time since last request: 0.000153 seconds.
  path: Assets/_Game/_Texture/UIs/Mirror_Sneaker_Clone.png
  artifactKey: Guid(addb94ab03b8e6043aaf6426fce4cd3d) Importer(815301076,1909f56bfc062723c751e8b465ee728b)
Start importing Assets/_Game/_Texture/UIs/Mirror_Sneaker_Clone.png using Guid(addb94ab03b8e6043aaf6426fce4cd3d) Importer(815301076,1909f56bfc062723c751e8b465ee728b)  -> (artifact id: '18f5660c15af70e27b254a10c6e248f0') in 0.018197 seconds 
  Import took 0.024836 seconds .

========================================================================
Received Prepare
Default GameObject BitMask: UI already registered
Registering precompiled user dll's ...
Registered in 0.003756 seconds.
Begin MonoManager ReloadAssembly
Native extension for WindowsStandalone target not found
Refreshing native plugins compatible for Editor in 0.86 ms, found 5 plugins.
Preloading 0 native plugins for Editor in 0.00 ms.
Mono: successfully reloaded assembly
- Completed reload, in  1.318 seconds
Domain Reload Profiling:
	ReloadAssembly (1318ms)
		BeginReloadAssembly (152ms)
			ExecutionOrderSort (0ms)
			DisableScriptedObjects (7ms)
			BackupInstance (0ms)
			ReleaseScriptingObjects (0ms)
			CreateAndSetChildDomain (42ms)
		EndReloadAssembly (1105ms)
			LoadAssemblies (105ms)
			RebuildTransferFunctionScriptingTraits (0ms)
			SetupTypeCache (360ms)
			ReleaseScriptCaches (2ms)
			RebuildScriptCaches (62ms)
			SetupLoadedEditorAssemblies (444ms)
				LogAssemblyErrors (0ms)
				InitializePlatformSupportModulesInManaged (5ms)
				SetLoadedEditorAssemblies (0ms)
				RefreshPlugins (1ms)
				BeforeProcessingInitializeOnLoad (103ms)
				ProcessInitializeOnLoadAttributes (321ms)
				ProcessInitializeOnLoadMethodAttributes (8ms)
				AfterProcessingInitializeOnLoad (6ms)
				EditorAssembliesLoaded (0ms)
			ExecutionOrderSort2 (0ms)
			AwakeInstancesAfterBackupRestoration (14ms)
Platform modules already initialized, skipping
Switching build target platform(19) subTarget(0) extendedPlatform(0) -> platform(13) subTarget(537395200) extendedPlatform(0)
Refreshing native plugins compatible for Editor in 0.81 ms, found 5 plugins.
Preloading 0 native plugins for Editor in 0.00 ms.
Unloading 3424 Unused Serialized files (Serialized files now loaded: 0)
System memory in use before: 164.4 MB.
System memory in use after: 164.7 MB.

Unloading 141 unused Assets to reduce memory usage. Loaded Objects now: 4054.
Total: 3.722600 ms (FindLiveObjects: 0.332000 ms CreateObjectMapping: 0.189500 ms MarkObjects: 3.041700 ms  DeleteObjects: 0.158300 ms)

AssetImportParameters requested are different than current active one (requested -> active):
  custom:framework-win-MediaFoundation: 216162199b28c13a410421893ffa2e32 -> 
  custom:video-decoder-ogg-theora: a1e56fd34408186e4bbccfd4996cb3dc -> 
  custom:container-muxer-webm: aa71ff27fc2769a1b78a27578f13a17b -> 
  custom:container-demuxer-webm: 4f35f7cbe854078d1ac9338744f61a02 -> 
  custom:container-demuxer-ogg: 62fdf1f143b41e24485cea50d1cbac27 -> 
  custom:video-encoder-webm-vp8: eb34c28f22e8b96e1ab97ce403110664 -> 
  custom:video-decoder-webm-vp8: 9c59270c3fd7afecdb556c50c9e8de78 -> 
  custom:graphics/normal-map-encoding: 01000000000000000000000000000000 -> 02000000000000000000000000000000
  custom:audio-decoder-ogg-vorbis: bf7c407c2cedff20999df2af8eb42d56 -> 
  custom:audio-encoder-webm-vorbis: bf7c407c2cedff20999df2af8eb42d56 -> 
========================================================================
Received Prepare
Default GameObject BitMask: UI already registered
Registering precompiled user dll's ...
Registered in 0.004952 seconds.
Begin MonoManager ReloadAssembly
Native extension for WindowsStandalone target not found
Refreshing native plugins compatible for Editor in 0.70 ms, found 5 plugins.
Preloading 0 native plugins for Editor in 0.00 ms.
Mono: successfully reloaded assembly
- Completed reload, in  1.253 seconds
Domain Reload Profiling:
	ReloadAssembly (1253ms)
		BeginReloadAssembly (119ms)
			ExecutionOrderSort (0ms)
			DisableScriptedObjects (4ms)
			BackupInstance (0ms)
			ReleaseScriptingObjects (0ms)
			CreateAndSetChildDomain (40ms)
		EndReloadAssembly (1074ms)
			LoadAssemblies (92ms)
			RebuildTransferFunctionScriptingTraits (0ms)
			SetupTypeCache (342ms)
			ReleaseScriptCaches (2ms)
			RebuildScriptCaches (60ms)
			SetupLoadedEditorAssemblies (445ms)
				LogAssemblyErrors (0ms)
				InitializePlatformSupportModulesInManaged (5ms)
				SetLoadedEditorAssemblies (0ms)
				RefreshPlugins (1ms)
				BeforeProcessingInitializeOnLoad (99ms)
				ProcessInitializeOnLoadAttributes (326ms)
				ProcessInitializeOnLoadMethodAttributes (9ms)
				AfterProcessingInitializeOnLoad (4ms)
				EditorAssembliesLoaded (0ms)
			ExecutionOrderSort2 (0ms)
			AwakeInstancesAfterBackupRestoration (15ms)
Platform modules already initialized, skipping
Switching build target platform(19) subTarget(0) extendedPlatform(0) -> platform(13) subTarget(537395200) extendedPlatform(0)
Refreshing native plugins compatible for Editor in 0.91 ms, found 5 plugins.
Preloading 0 native plugins for Editor in 0.00 ms.
Unloading 3424 Unused Serialized files (Serialized files now loaded: 0)
System memory in use before: 164.5 MB.
System memory in use after: 164.7 MB.

Unloading 141 unused Assets to reduce memory usage. Loaded Objects now: 4056.
Total: 4.469800 ms (FindLiveObjects: 0.333700 ms CreateObjectMapping: 0.212800 ms MarkObjects: 3.805100 ms  DeleteObjects: 0.117200 ms)

AssetImportParameters requested are different than current active one (requested -> active):
  custom:framework-win-MediaFoundation: 216162199b28c13a410421893ffa2e32 -> 
  custom:video-decoder-ogg-theora: a1e56fd34408186e4bbccfd4996cb3dc -> 
  custom:container-muxer-webm: aa71ff27fc2769a1b78a27578f13a17b -> 
  custom:container-demuxer-webm: 4f35f7cbe854078d1ac9338744f61a02 -> 
  custom:container-demuxer-ogg: 62fdf1f143b41e24485cea50d1cbac27 -> 
  custom:video-encoder-webm-vp8: eb34c28f22e8b96e1ab97ce403110664 -> 
  custom:video-decoder-webm-vp8: 9c59270c3fd7afecdb556c50c9e8de78 -> 
  custom:graphics/normal-map-encoding: 01000000000000000000000000000000 -> 02000000000000000000000000000000
  custom:audio-decoder-ogg-vorbis: bf7c407c2cedff20999df2af8eb42d56 -> 
  custom:audio-encoder-webm-vorbis: bf7c407c2cedff20999df2af8eb42d56 -> 
AssetImportWorkerClient::OnTransportError - code=2 error=End of file
